[2015-03-18 18:59:12] GET /testfolder/godparticle.jpeg HTTP/1.1
[2015-03-18 18:59:13] GET /favicon.ico HTTP/1.1
[2015-03-18 18:59:16] GET /testfolder/godparticle.jpeg HTTP/1.1
[2015-03-18 18:59:17] GET /favicon.ico HTTP/1.1
[2015-03-18 18:59:28] GET /favicon.ico HTTP/1.1
[2015-03-18 19:02:52] GET /testfolder HTTP/1.1
[2015-03-18 19:02:52] GET /favicon.ico HTTP/1.1
[2015-03-18 19:02:53] GET /testfolder HTTP/1.1
[2015-03-18 19:02:53] GET /favicon.ico HTTP/1.1
[2015-03-18 19:03:28] GET /testfolder HTTP/1.1
[2015-03-18 19:03:28] GET /favicon.ico HTTP/1.1
[2015-03-18 19:03:44] GET /testfolder HTTP/1.1
[2015-03-18 19:03:44] GET /favicon.ico HTTP/1.1
[2015-03-18 19:03:47] GET /testfolder/folder2 HTTP/1.1
[2015-03-18 19:03:47] GET /favicon.ico HTTP/1.1
[2015-03-18 19:03:49] GET /favicon.ico HTTP/1.1
[2015-03-18 19:04:01] GET / HTTP/1.1
[2015-03-18 19:04:01] GET /favicon.ico HTTP/1.1
[2015-03-18 19:04:03] GET / HTTP/1.1
[2015-03-18 19:04:03] GET /favicon.ico HTTP/1.1
[2015-03-18 19:04:25] GET /favicon.ico HTTP/1.1
[2015-03-18 19:04:26] GET /testfolder HTTP/1.1
[2015-03-18 19:04:26] GET /favicon.ico HTTP/1.1
[2015-03-18 19:08:18] GET /testfolder HTTP/1.1
[2015-03-18 19:08:18] GET /favicon.ico HTTP/1.1
[2015-03-18 19:08:56] GET /testfolder HTTP/1.1
[2015-03-18 19:08:56] GET /favicon.ico HTTP/1.1
[2015-03-18 19:08:58] GET /testfolder HTTP/1.1
[2015-03-18 19:08:59] GET /favicon.ico HTTP/1.1
[2015-03-18 19:09:00] GET /testfolder HTTP/1.1
[2015-03-18 19:09:00] GET /favicon.ico HTTP/1.1
[2015-03-18 19:22:57] GET /testfolder HTTP/1.1
[2015-03-18 19:23:59] GET /testfolder HTTP/1.1
[2015-03-18 19:23:59] GET /testfolder HTTP/1.1
[2015-03-18 19:24:19] GET /testfolder HTTP/1.1
[2015-03-18 19:24:45] GET /testfolder HTTP/1.1
[2015-03-18 19:52:33] GET /testfolder HTTP/1.1
[2015-03-18 19:52:33] GET /favicon.ico HTTP/1.1
[2015-03-18 19:52:38] GET /testfolder HTTP/1.1
[2015-03-18 19:52:38] GET /favicon.ico HTTP/1.1
[2015-03-18 19:52:59] GET /testfolder/folder2 HTTP/1.1
[2015-03-18 19:52:59] GET /favicon.ico HTTP/1.1
[2015-03-18 19:53:53] GET /testfolder/folder2 HTTP/1.1
[2015-03-18 19:53:53] GET /favicon.ico HTTP/1.1
[2015-03-18 19:54:02] GET /testfolder/folder2 HTTP/1.1
[2015-03-18 19:54:03] GET /favicon.ico HTTP/1.1
[2015-03-18 19:54:11] GET /favicon.ico HTTP/1.1
[2015-03-18 19:54:13] GET /testfolder/ HTTP/1.1
[2015-03-18 19:54:13] GET /favicon.ico HTTP/1.1
[2015-03-18 19:54:15] GET /testfolder HTTP/1.1
[2015-03-18 19:54:15] GET /favicon.ico HTTP/1.1
[2015-03-18 19:55:09] GET /testfolder HTTP/1.1
[2015-03-18 19:55:09] GET /favicon.ico HTTP/1.1
[2015-03-18 19:57:14] GET /testfolder HTTP/1.1
[2015-03-18 19:57:14] GET /favicon.ico HTTP/1.1
[2015-03-18 19:57:25] GET /testfolder/folder2 HTTP/1.1
[2015-03-18 19:57:25] GET /favicon.ico HTTP/1.1
[2015-03-18 19:58:49] GET /favicon.ico HTTP/1.1
[2015-03-18 19:58:49] GET /testfolder/folder2 HTTP/1.1
[2015-03-18 19:58:50] GET /favicon.ico HTTP/1.1
[2015-03-18 20:00:27] GET /testfolder/folder2 HTTP/1.1
[2015-03-18 20:00:27] GET /favicon.ico HTTP/1.1
[2015-03-18 20:03:11] GET /testfolder/folder2 HTTP/1.1
[2015-03-18 20:03:11] GET /favicon.ico HTTP/1.1
[2015-03-18 20:03:56] GET /testfolder/folder2 HTTP/1.1
[2015-03-18 20:03:56] GET /favicon.ico HTTP/1.1
[2015-03-18 20:04:32] GET /testfolder/folder2 HTTP/1.1
[2015-03-18 20:04:32] GET /favicon.ico HTTP/1.1
[2015-03-18 20:05:09] GET /testfolder/folder2 HTTP/1.1
[2015-03-18 20:05:09] GET /favicon.ico HTTP/1.1
[2015-03-18 20:05:28] GET /testfolder/ HTTP/1.1
[2015-03-18 20:05:28] GET /favicon.ico HTTP/1.1
[2015-03-18 20:05:31] GET / HTTP/1.1
[2015-03-18 20:05:33] GET / HTTP/1.1
[2015-03-18 20:05:33] GET / HTTP/1.1
[2015-03-18 20:05:34] GET / HTTP/1.1
[2015-03-18 20:05:35] GET / HTTP/1.1
[2015-03-18 20:05:36] GET / HTTP/1.1
[2015-03-18 20:06:31] GET / HTTP/1.1
[2015-03-18 20:06:31] GET /favicon.ico HTTP/1.1
[2015-03-18 20:06:35] GET / HTTP/1.1
[2015-03-18 20:06:35] GET /favicon.ico HTTP/1.1
[2015-03-18 20:06:36] GET / HTTP/1.1
[2015-03-18 20:06:36] GET /favicon.ico HTTP/1.1
[2015-03-18 20:06:36] GET / HTTP/1.1
[2015-03-18 20:06:37] GET /favicon.ico HTTP/1.1
[2015-03-18 20:06:38] GET / HTTP/1.1
[2015-03-18 20:06:38] GET /favicon.ico HTTP/1.1
[2015-03-18 20:07:10] GET / HTTP/1.1
[2015-03-18 20:07:10] GET /favicon.ico HTTP/1.1
[2015-03-18 20:07:21] GET /favicon.ico HTTP/1.1
[2015-03-18 20:07:22] GET / HTTP/1.1
[2015-03-18 20:07:22] GET /favicon.ico HTTP/1.1
[2015-03-18 20:08:11] GET / HTTP/1.1
[2015-03-18 20:08:11] GET /favicon.ico HTTP/1.1
[2015-03-18 20:08:18] GET / HTTP/1.1
[2015-03-18 20:08:18] GET /favicon.ico HTTP/1.1
[2015-03-18 20:08:56] GET /favicon.ico HTTP/1.1
[2015-03-18 20:08:59] GET /jackert.html HTTP/1.1
[2015-03-18 20:08:59] GET /favicon.ico HTTP/1.1
[2015-03-18 20:09:00] GET /jackert.html HTTP/1.1
[2015-03-18 20:09:00] GET /favicon.ico HTTP/1.1
[2015-03-18 20:09:01] GET /favicon.ico HTTP/1.1
[2015-03-18 20:09:05] GET /testfolder HTTP/1.1
[2015-03-18 20:09:05] GET /favicon.ico HTTP/1.1
[2015-03-18 20:09:11] GET /testfolder/483ef0911f5e27073a015b45aee7a288b9c8d3bfa104f8bfe6625572f97cfa52.jpg HTTP/1.1
[2015-03-18 20:09:11] GET /favicon.ico HTTP/1.1
[2015-03-18 20:09:12] GET /favicon.ico HTTP/1.1
[2015-03-18 20:09:13] GET /testfolder/godparticle.jpeg HTTP/1.1
[2015-03-18 20:09:13] GET /favicon.ico HTTP/1.1
[2015-03-18 20:09:14] GET /favicon.ico HTTP/1.1
[2015-03-18 20:09:16] GET /testfolder/folder2 HTTP/1.1
[2015-03-18 20:09:16] GET /favicon.ico HTTP/1.1
[2015-03-18 20:09:19] GET /testfolder/ HTTP/1.1
[2015-03-18 20:09:19] GET /favicon.ico HTTP/1.1
[2015-03-18 20:09:21] GET /testfolder//folder2 HTTP/1.1
[2015-03-18 20:09:22] GET /favicon.ico HTTP/1.1
[2015-03-18 20:09:24] GET /testfolder/ HTTP/1.1
[2015-03-18 20:09:24] GET /favicon.ico HTTP/1.1
[2015-03-18 20:43:17] GET /testfolder/ HTTP/1.1
[2015-03-18 20:43:17] GET /favicon.ico HTTP/1.1
[2015-03-18 20:43:32] GET / HTTP/1.1
[2015-03-18 20:43:32] GET /favicon.ico HTTP/1.1
[2015-03-18 20:43:33] GET / HTTP/1.1
[2015-03-18 20:43:33] GET /favicon.ico HTTP/1.1
[2015-03-18 20:44:47] GET / HTTP/1.1
[2015-03-18 20:44:47] GET /favicon.ico HTTP/1.1
[2015-03-18 20:45:49] GET / HTTP/1.1
[2015-03-18 20:45:49] GET /favicon.ico HTTP/1.1
[2015-03-18 20:47:32] GET / HTTP/1.1
[2015-03-18 20:47:32] GET /favicon.ico HTTP/1.1
[2015-03-18 20:48:25] GET / HTTP/1.1
[2015-03-18 20:48:25] GET /favicon.ico HTTP/1.1
[2015-03-18 20:48:28] GET /testfolder HTTP/1.1
[2015-03-18 20:48:28] GET /favicon.ico HTTP/1.1
[2015-03-18 20:49:10] GET /testfolder HTTP/1.1
[2015-03-18 20:49:11] GET /favicon.ico HTTP/1.1
[2015-03-18 20:49:13] GET /testfolder/godparticle.jpeg HTTP/1.1
[2015-03-18 20:49:13] GET /favicon.ico HTTP/1.1
[2015-03-18 20:49:14] GET /favicon.ico HTTP/1.1
[2015-03-18 20:49:15] GET /testfolder/folder2 HTTP/1.1
[2015-03-18 20:49:15] GET /favicon.ico HTTP/1.1
[2015-03-18 20:49:17] GET /testfolder/ HTTP/1.1
[2015-03-18 20:49:17] GET /favicon.ico HTTP/1.1
[2015-03-18 20:49:18] GET /testfolder//483ef0911f5e27073a015b45aee7a288b9c8d3bfa104f8bfe6625572f97cfa52.jpg HTTP/1.1
[2015-03-18 20:49:18] GET /favicon.ico HTTP/1.1
[2015-03-18 20:49:19] GET /favicon.ico HTTP/1.1
[2015-03-18 20:49:20] GET / HTTP/1.1
[2015-03-18 20:49:20] GET /favicon.ico HTTP/1.1
[2015-03-18 20:49:22] GET /404.html HTTP/1.1
[2015-03-18 20:49:22] GET /favicon.ico HTTP/1.1
[2015-03-18 20:49:23] GET /favicon.ico HTTP/1.1
[2015-03-18 20:49:23] GET /default.htm HTTP/1.1
[2015-03-18 20:49:23] GET /favicon.ico HTTP/1.1
[2015-03-18 20:49:24] GET /favicon.ico HTTP/1.1
[2015-03-18 20:49:25] GET /jackert.html HTTP/1.1
[2015-03-18 20:49:25] GET /favicon.ico HTTP/1.1
[2015-03-18 20:49:26] GET /favicon.ico HTTP/1.1
